<?xml version="1.0" encoding="UTF-8"?>
<coverage generated="1496236836761" clover="3.2.0">
  <project timestamp="1496236836761" name="All files">
    <metrics statements="6" coveredstatements="6" conditionals="0" coveredconditionals="0" methods="3" coveredmethods="2" elements="9" coveredelements="8" complexity="0" loc="6" ncloc="6" packages="2" files="2" classes="2">
      <package name="mock">
        <metrics statements="0" coveredstatements="0" conditionals="0" coveredconditionals="0" methods="0" coveredmethods="0"/>
        <file name="users.js" path="/Users/toddbeauchamp/Learning/redux-example/src/mock/users.js">
          <metrics statements="0" coveredstatements="0" conditionals="0" coveredconditionals="0" methods="0" coveredmethods="0"/>
        </file>
      </package>
      <package name="sagas">
        <metrics statements="6" coveredstatements="6" conditionals="0" coveredconditionals="0" methods="3" coveredmethods="2"/>
        <file name="usersSaga.js" path="/Users/toddbeauchamp/Learning/redux-example/src/sagas/usersSaga.js">
          <metrics statements="6" coveredstatements="6" conditionals="0" coveredconditionals="0" methods="3" coveredmethods="2"/>
          <line num="8" count="1" type="stmt"/>
          <line num="9" count="1" type="stmt"/>
          <line num="13" count="2" type="stmt"/>
          <line num="18" count="2" type="stmt"/>
          <line num="19" count="2" type="stmt"/>
          <line num="21" count="1" type="stmt"/>
        </file>
      </package>
    </metrics>
  </project>
</coverage>
