{"/Users/toddbeauchamp/Learning/redux-example/src/mock/users.js": {"path":"/Users/toddbeauchamp/Learning/redux-example/src/mock/users.js","statementMap":{},"fnMap":{},"branchMap":{},"s":{},"f":{},"b":{},"_coverageSchema":"332fd63041d2c1bcb487cc26dd0d5f7d97098a6c","hash":"9b54d4dae69e622245bd76778fb5a79f31b91f1f"}
,"/Users/toddbeauchamp/Learning/redux-example/src/sagas/usersSaga.js": {"path":"/Users/toddbeauchamp/Learning/redux-example/src/sagas/usersSaga.js","statementMap":{"0":{"start":{"line":8,"column":24},"end":{"line":10,"column":1}},"1":{"start":{"line":9,"column":1},"end":{"line":9,"column":62}},"2":{"start":{"line":13,"column":1},"end":{"line":22,"column":2}},"3":{"start":{"line":18,"column":18},"end":{"line":18,"column":38}},"4":{"start":{"line":19,"column":2},"end":{"line":19,"column":63}},"5":{"start":{"line":21,"column":2},"end":{"line":21,"column":57}}},"fnMap":{"0":{"name":"(anonymous_0)","decl":{"start":{"line":8,"column":24},"end":{"line":8,"column":25}},"loc":{"start":{"line":8,"column":30},"end":{"line":10,"column":1}},"line":8},"1":{"name":"fetchUsersSaga","decl":{"start":{"line":12,"column":17},"end":{"line":12,"column":31}},"loc":{"start":{"line":12,"column":34},"end":{"line":23,"column":1}},"line":12},"2":{"name":"usersSaga","decl":{"start":{"line":25,"column":17},"end":{"line":25,"column":26}},"loc":{"start":{"line":25,"column":29},"end":{"line":28,"column":1}},"line":25}},"branchMap":{},"s":{"0":1,"1":1,"2":2,"3":2,"4":2,"5":1},"f":{"0":1,"1":2,"2":0},"b":{},"_coverageSchema":"332fd63041d2c1bcb487cc26dd0d5f7d97098a6c","hash":"3826337acd9d931c5c03566dcb2356ecd5801e37"}
}
